{
  "stats": {
    "suites": 1,
    "tests": 1,
    "passes": 0,
    "pending": 0,
    "failures": 1,
    "start": "2023-04-18T06:13:15.998Z",
    "end": "2023-04-18T06:13:55.285Z",
    "duration": 39287,
    "testsRegistered": 1,
    "passPercent": 0,
    "pendingPercent": 0,
    "other": 0,
    "hasOther": false,
    "skipped": 0,
    "hasSkipped": false
  },
  "results": [
    {
      "uuid": "af640aa7-e154-45f3-a5cf-fffd0f589e44",
      "title": "",
      "fullFile": "cypress\\e2e\\qpalette\\lookup.cy.js",
      "file": "cypress\\e2e\\qpalette\\lookup.cy.js",
      "beforeHooks": [],
      "afterHooks": [],
      "tests": [],
      "suites": [
        {
          "uuid": "4f40b9b4-9c5b-42c4-9d0b-31ee83437a8b",
          "title": "check lookup spec",
          "fullFile": "",
          "file": "",
          "beforeHooks": [],
          "afterHooks": [],
          "tests": [
            {
              "title": "лукап",
              "fullTitle": "check lookup spec лукап",
              "timedOut": null,
              "duration": 26548,
              "state": "failed",
              "speed": null,
              "pass": false,
              "fail": true,
              "pending": false,
              "context": "{\n  \"title\": \"cypress-mochawesome-reporter-screenshots\",\n  \"value\": [\n    [\n      {\n        \"title\": \"Failed screenshot\",\n        \"value\": \"\\\\lookup.cy.js\\\\check lookup spec -- лукап (failed).png\"\n      }\n    ]\n  ]\n}",
              "code": "cy.visit('http://qpalettedocui.qpalette.qrunsys.diasoft.ru');\ncy.get('.q-tabs__burger-icon > .pi').click();\ncy.get('.q-form-field__input-wrapper > #search').type('лукап');\ncy.get('[style=\"--q-sidebar-level:2;\"] > :nth-child(2) > :nth-child(1) > :nth-child(1) > .q-sidebar-inner__group').click();\ncy.get('[style=\"--q-sidebar-level:2;\"] > :nth-child(2) > :nth-child(1) > :nth-child(1) > ul.ng-star-inserted > app-sidebar-inner > .q-sidebar-inner__item > .p-element > .q-sidebar-inner__text-wrapper > span').click();\ncy.get('.active > .q-tabs__link > .q-tabs__link-text').should('be.visible');\ncy.get('.p-autocomplete > .ng-tns-c39-1').click();\ncy.get('.p-autocomplete > .ng-tns-c39-1').type('Иван{enter}');\ncy.get('.p-ripple > .ng-tns-c39-1').should('have.text', 'Иван Иванов');\ncy.get('#pr_id_2_list > .p-ripple').click();\ncy.get('.p-autocomplete > .ng-tns-c39-1').should('have.value', 'Иван Иванов');\ncy.get('[doctitle=\"Пример лукапа\"] > #view > .p-grid > .p-sm-12 > q-lookup > .container > .q-lookup__float-label > .q-lookup__actions > .p-element > q-icon.ng-star-inserted > .pi').click();\ncy.get('#pr_id_33-table > .p-datatable-tbody > .p-element > :nth-child(1)').should('have.text', ' 82089979 ');\ncy.get('#pr_id_33-table > .p-datatable-tbody > .p-element > :nth-child(2)').should('have.text', 'Иван Иванов');\ncy.get('.ng-tns-c41-2 > #mycustomcontainer > cmp-customers-widget > .h-no-margin > .frame-grid > .table-filter-container > .q-flex > [label=\"ФИО\"] > .q-filter__wrapper > .q-filter__label > .q-filter__close').click();\ncy.get('.ng-tns-c41-2 > #mycustomcontainer > cmp-customers-widget > .h-no-margin > .frame-grid > .table-filter-container > .p-mb-3 > .p-inline-message > .p-inline-message-text').should('have.text', 'Найдено больше двух клиентов, выберите одного');\ncy.get('.p-dialog-footer > .p-element').click(); // primary key\ncy.get('.p-flex-column > .p-mt-2 > .p-mr-2').should('have.text', 'Set id = \"1\" ');\ncy.get('.p-flex-column > .p-mt-2 > :nth-child(2)').should('have.text', 'Set id = \"2\" ');\ncy.get('.p-flex-column > .p-mt-2 > .p-mr-2').click();\ncy.get('.p-autocomplete > .ng-tns-c39-39').should('have.value', 'Иван Иванов');\ncy.get('.p-flex-column > .p-mt-2 > :nth-child(2)').click();\ncy.get('.p-autocomplete > .ng-tns-c39-39').should('have.value', 'Василий Васильев'); // предустановка фильтров\ncy.get(':nth-child(8) > :nth-child(3) > .p-grid > .p-sm-12 > q-lookup > .container > .q-lookup__float-label > .q-lookup__actions > .p-element').click();\ncy.get('#pr_id_35-table > .p-datatable-tbody > :nth-child(1) > :nth-child(2)').should('have.text', 'Иван Иванов');\ncy.get('#pr_id_35-table > .p-datatable-tbody > :nth-child(2) > :nth-child(2)').should('have.text', 'Василий Васильев');\ncy.get('#pr_id_35-table > .p-datatable-tbody > :nth-child(3) > :nth-child(2)').should('have.text', 'Демид Демидов');\ncy.get('#pr_id_35-table > .p-datatable-tbody > :nth-child(4) > :nth-child(2)').should('have.text', 'Севостьян Севостьянов');\ncy.get('.p-dialog-footer > .p-element').click();\ncy.get(':nth-child(3) > .p-mt-2 > :nth-child(1)').click();\ncy.get(':nth-child(8) > :nth-child(3) > .p-grid > .p-sm-12 > q-lookup > .container > .q-lookup__float-label > .q-lookup__actions > .p-element > q-icon.ng-star-inserted > .pi').click();\ncy.get('.ng-tns-c41-44 > #mycustomcontainer > cmp-customers-widget > .h-no-margin > .frame-grid > .table-filter-container > .q-flex > [label=\"Номер счёта\"] > .q-filter__wrapper > .q-filter__label > .p-inputtext').should('have.value', '95');\ncy.get('.p-dialog-footer > .p-element').click();",
              "err": {
                "message": "CypressError: Timed out retrying after 4050ms: `cy.click()` could not be issued because we could not determine the actionability of this element:\n\n`<input aria-autocomplete=\"list\" role=\"searchbox\" aria-haspopup=\"true\" class=\"ng-tns-c39-1 p-autocomplete-input p-inputtext p-component ng-star-inserted\" autocomplete=\"off\" type=\"text\" aria-controls=\"pr_id_2_list\" aria-expanded=\"false\" aria-activedescendant=\"p-highlighted-option\" placeholder=\"\">`\n\nYou can prevent this by passing `{force: true}` to disable all error checking.",
                "estack": "CypressError: Timed out retrying after 4050ms: `cy.click()` could not be issued because we could not determine the actionability of this element:\n\n`<input aria-autocomplete=\"list\" role=\"searchbox\" aria-haspopup=\"true\" class=\"ng-tns-c39-1 p-autocomplete-input p-inputtext p-component ng-star-inserted\" autocomplete=\"off\" type=\"text\" aria-controls=\"pr_id_2_list\" aria-expanded=\"false\" aria-activedescendant=\"p-highlighted-option\" placeholder=\"\">`\n\nYou can prevent this by passing `{force: true}` to disable all error checking.\n    at ensureNotAnimating (http://qpalettedocui.qpalette.qrunsys.diasoft.ru/__cypress/runner/cypress_runner.js:147580:74)\n    at runAllChecks (http://qpalettedocui.qpalette.qrunsys.diasoft.ru/__cypress/runner/cypress_runner.js:147715:9)\n    at retryActionability (http://qpalettedocui.qpalette.qrunsys.diasoft.ru/__cypress/runner/cypress_runner.js:147747:16)\n    at tryCatcher (http://qpalettedocui.qpalette.qrunsys.diasoft.ru/__cypress/runner/cypress_runner.js:13012:23)\n    at Promise.attempt.Promise.try (http://qpalettedocui.qpalette.qrunsys.diasoft.ru/__cypress/runner/cypress_runner.js:10286:29)\n    at whenStable (http://qpalettedocui.qpalette.qrunsys.diasoft.ru/__cypress/runner/cypress_runner.js:166932:65)\n    at http://qpalettedocui.qpalette.qrunsys.diasoft.ru/__cypress/runner/cypress_runner.js:166387:14\n    at tryCatcher (http://qpalettedocui.qpalette.qrunsys.diasoft.ru/__cypress/runner/cypress_runner.js:13012:23)\n    at Promise._settlePromiseFromHandler (http://qpalettedocui.qpalette.qrunsys.diasoft.ru/__cypress/runner/cypress_runner.js:10947:31)\n    at Promise._settlePromise (http://qpalettedocui.qpalette.qrunsys.diasoft.ru/__cypress/runner/cypress_runner.js:11004:18)\n    at Promise._settlePromise0 (http://qpalettedocui.qpalette.qrunsys.diasoft.ru/__cypress/runner/cypress_runner.js:11049:10)\n    at Promise._settlePromises (http://qpalettedocui.qpalette.qrunsys.diasoft.ru/__cypress/runner/cypress_runner.js:11129:18)\n    at Promise._fulfill (http://qpalettedocui.qpalette.qrunsys.diasoft.ru/__cypress/runner/cypress_runner.js:11073:18)\n    at http://qpalettedocui.qpalette.qrunsys.diasoft.ru/__cypress/runner/cypress_runner.js:12687:46\nFrom Your Spec Code:\n    at Context.eval (http://qpalettedocui.qpalette.qrunsys.diasoft.ru/__cypress/tests?p=cypress\\e2e\\qpalette\\lookup.cy.js:107:47)",
                "diff": null
              },
              "uuid": "604fa4d2-934e-463c-8a6e-20420637899c",
              "parentUUID": "4f40b9b4-9c5b-42c4-9d0b-31ee83437a8b",
              "isHook": false,
              "skipped": false
            }
          ],
          "suites": [],
          "passes": [],
          "failures": [
            "604fa4d2-934e-463c-8a6e-20420637899c"
          ],
          "pending": [],
          "skipped": [],
          "duration": 26548,
          "root": false,
          "rootEmpty": false,
          "_timeout": 2000
        }
      ],
      "passes": [],
      "failures": [],
      "pending": [],
      "skipped": [],
      "duration": 0,
      "root": true,
      "rootEmpty": true,
      "_timeout": 2000
    }
  ],
  "meta": {
    "mocha": {
      "version": "7.0.1"
    },
    "mochawesome": {
      "options": {
        "quiet": false,
        "reportFilename": "mochawesome",
        "saveHtml": false,
        "saveJson": true,
        "consoleReporter": "spec",
        "useInlineDiffs": false,
        "code": true
      },
      "version": "7.1.3"
    },
    "marge": {
      "options": {
        "reportDir": "cypress\\report\\.jsons",
        "charts": true,
        "reportPageTitle": "QPalette Report",
        "embeddedScreenshots": true,
        "e2e": {
          "experimentalStudio": true,
          "failOnStatusCode": false
        },
        "overwrite": false,
        "html": false,
        "json": true
      },
      "version": "6.2.0"
    }
  }
}